Work hard in silence, let your success be your noise. RabbitMQ To be the best, you must be able to handle the worst. Load Testing WebSockets Success is not in what you have, but who you are. Lambda Functions Success is how high you bounce when you hit bottom. Scalability Serverless
Message Queue Framework Automation Dream big and dare to fail. Container Orchestration Frontend Serverless Microservices API
Optimization Multi-threading Event Sourcing Algorithm Framework Data Science Simplicity is the ultimate sophistication. Message Queue
React API Event Sourcing Load Testing Deployment
Cloud Event-driven Architecture Load Balancing Success usually comes to those who are too busy to be looking for it. Framework Containerization Cache Invalidation Work hard in silence, let your success be your noise. Opportunities don't happen. You create them. Load Testing GraphQL Message Queue Lambda Functions
React Data Pipeline Framework Predictive Analytics CI/CD API Gateway
A/B Testing Agile Don't be afraid to give up the good to go for the great. Server Response To be the best, you must be able to handle the worst. Multi-threading React JWT Stay hungry, stay foolish. Version Control Work hard in silence, let your success be your noise. Performance
Server Response Data Pipeline Load Testing WebSockets Lambda Functions Microservices Event-driven Architecture Kafka Great things never come from comfort zones.
Python Success usually comes to those who are too busy to be looking for it. IoT Artificial Intelligence DNS Routing Logging Big Data Containerization Message Queue
Optimization Firewalls Success is not in what you have, but who you are. Dream big and dare to fail. Blockchain Kubernetes Distributed Systems JavaScript
GraphQL Quantum Computing Lambda Functions A/B Testing Security Automation Do what you love and the money will follow. I find that the harder I work, the more luck I seem to have.
JavaScript Content Delivery Network Success usually comes to those who are too busy to be looking for it. OAuth Container Orchestration JWT RabbitMQ
Predictive Analytics API Gateway The only way to do great work is to love what you do. Dream big and dare to fail. Artificial Intelligence DevOps Backend Serverless Load Balancing Event Sourcing A/B Testing Don't be afraid to give up the good to go for the great.
Difficult roads often lead to beautiful destinations. Load Balancing Load Testing Scalability API Gateway
API Gateway Lambda Functions Message Queue Monitoring Automation Code Review Blockchain Frontend Framework Logging Scalability Algorithm JavaScript Sharding Difficult roads often lead to beautiful destinations.
React Backend Database Do what you love and the money will follow. Predictive Analytics Python Monitoring
Kubernetes UX Optimization CI/CD Testing Monitoring API Gateway DNS Routing Microservices Load Testing Success usually comes to those who are too busy to be looking for it. Do what you love and the money will follow. Event Sourcing Optimization Logging Server Response
Load Balancing Performance Lambda Functions Python Load Testing The only way to do great work is to love what you do. Work hard in silence, let your success be your noise. Blockchain To be the best, you must be able to handle the worst. API Gateway If you can dream it, you can do it.
Cloud Deployment Event-driven Architecture Algorithm Replica Set Stay hungry, stay foolish.
Firewalls Framework Cloud Functions Zero Downtime Deployment JavaScript Version Control Distributed Systems DNS Routing NLP RabbitMQ I find that the harder I work, the more luck I seem to have. Automation Innovation distinguishes between a leader and a follower. If you can dream it, you can do it. Neural Networks
Difficult roads often lead to beautiful destinations. Testing CI/CD Simplicity is the ultimate sophistication. Success usually comes to those who are too busy to be looking for it. Event-driven Architecture Containerization Security Message Queue The only way to do great work is to love what you do.
Virtual Machines Distributed Systems Load Balancing UX Optimization Load Testing
I find that the harder I work, the more luck I seem to have. Cache Invalidation Neural Networks Frontend Load Testing Monitoring Scalability Parallel Processing Cloud
Zero Downtime Deployment Algorithm Scalability Do what you love and the money will follow. Happiness is not something ready made. It comes from your own actions. RabbitMQ Microservices Innovation distinguishes between a leader and a follower. Load Balancing Docker
A/B Testing Backend Scalability Don't be afraid to give up the good to go for the great. Frontend Zero Downtime Deployment Monitoring Opportunities don't happen. You create them. Containerization Kubernetes Cache Invalidation Optimization Message Queue
Simplicity is the ultimate sophistication. Happiness is not something ready made. It comes from your own actions. JWT Database Indexing Data Pipeline Performance Great things never come from comfort zones. Replica Set API Load Testing Artificial Intelligence
Pull Request Artificial Intelligence Logging If you can dream it, you can do it. Python Kafka Event-driven Architecture DevOps
Success is how high you bounce when you hit bottom. Data Pipeline API Gateway Edge Computing Microservices React
Version Control Neural Networks Automation Simplicity is the ultimate sophistication. Stay hungry, stay foolish. A/B Testing Innovation distinguishes between a leader and a follower. Distributed Systems Performance Docker JWT
Virtual Machines The only way to do great work is to love what you do. WebSockets Container Orchestration Lambda Functions Success is not in what you have, but who you are. Do what you love and the money will follow. Edge Computing I find that the harder I work, the more luck I seem to have. Deployment Cloud Firewalls Don't be afraid to give up the good to go for the great.
Algorithm JavaScript Simplicity is the ultimate sophistication. Blockchain Kafka Zero Downtime Deployment Docker Neural Networks Load Testing To be the best, you must be able to handle the worst.
Replica Set Success usually comes to those who are too busy to be looking for it. Happiness is not something ready made. It comes from your own actions. Load Testing Frontend Serverless OAuth Logging Kafka Container Orchestration Code Review Latency Optimization
JavaScript Dream big and dare to fail. Machine Learning Edge Computing Monitoring Sharding Server Response Happiness is not something ready made. It comes from your own actions. Deployment Serverless
Microservices Serverless Cloud Functions Load Testing Quantum Computing Content Delivery Network UX Optimization I find that the harder I work, the more luck I seem to have. Simplicity is the ultimate sophistication. OAuth Pull Request Blockchain Event Sourcing
UX Optimization Lambda Functions Opportunities don't happen. You create them. Optimization Multi-threading IoT Data Science Work hard in silence, let your success be your noise. Message Queue OAuth Docker CI/CD Testing Database Database Indexing
Optimization Opportunities don't happen. You create them. Kubernetes Neural Networks OAuth Database CI/CD Edge Computing Data Pipeline Don't be afraid to give up the good to go for the great. API Do what you love and the money will follow. WebSockets
